<?xml version="1.0" encoding="UTF-8"?>
<!-- Generated by org.testng.reporters.JUnitXMLReporter -->
<testsuite hostname="DESKTOP-1I7T66E" failures="0" tests="4" name="Default test" time="67.451" errors="0" timestamp="30 Oct 2022 16:09:35 GMT">
  <testcase classname="casestudy255.Testng5" name="testcase1" time="3.858"/>
  <testcase classname="casestudy255.Testng5" name="testcase2" time="1.246"/>
  <testcase classname="casestudy255.Testng5" name="testcase3" time="10.397"/>
  <testcase classname="casestudy255.Testng5" name="testcase4" time="5.387"/>
</testsuite> <!-- Default test -->
