<?xml version="1.0" encoding="UTF-8"?>
<testng-results total="3" passed="3" failed="0" skipped="0">
  <reporter-output>
  </reporter-output>
  <suite started-at="2022-10-20T13:06:01Z" name="Surefire suite" finished-at="2022-10-20T13:06:33Z" duration-ms="32313">
    <groups>
    </groups>
    <test started-at="2022-10-20T13:06:01Z" name="Surefire test" finished-at="2022-10-20T13:06:33Z" duration-ms="32313">
      <class name="casestudy255.Testng5">
        <test-method is-config="true" signature="BT()[pri:0, instance:casestudy255.Testng5@10b48321]" started-at="2022-10-20T18:36:01Z" name="BT" finished-at="2022-10-20T18:36:14Z" duration-ms="13615" status="PASS">
          <reporter-output>
          </reporter-output>
        </test-method> <!-- BT -->
        <test-method signature="testcase1()[pri:0, instance:casestudy255.Testng5@10b48321]" started-at="2022-10-20T18:36:14Z" name="testcase1" finished-at="2022-10-20T18:36:18Z" duration-ms="3429" status="PASS">
          <reporter-output>
          </reporter-output>
        </test-method> <!-- testcase1 -->
        <test-method signature="testcase2()[pri:1, instance:casestudy255.Testng5@10b48321]" started-at="2022-10-20T18:36:18Z" name="testcase2" finished-at="2022-10-20T18:36:19Z" duration-ms="1122" status="PASS">
          <reporter-output>
          </reporter-output>
        </test-method> <!-- testcase2 -->
        <test-method signature="testcase3()[pri:2, instance:casestudy255.Testng5@10b48321]" started-at="2022-10-20T18:36:19Z" name="testcase3" finished-at="2022-10-20T18:36:29Z" duration-ms="10472" status="PASS">
          <reporter-output>
          </reporter-output>
        </test-method> <!-- testcase3 -->
        <test-method is-config="true" signature="B()[pri:0, instance:casestudy255.Testng5@10b48321]" started-at="2022-10-20T18:36:29Z" name="B" finished-at="2022-10-20T18:36:33Z" duration-ms="3662" status="PASS">
          <reporter-output>
          </reporter-output>
        </test-method> <!-- B -->
      </class> <!-- casestudy255.Testng5 -->
    </test> <!-- Surefire test -->
  </suite> <!-- Surefire suite -->
</testng-results>
