<?xml version="1.0" encoding="UTF-8"?>
<testng-results total="4" passed="4" failed="0" skipped="0">
  <reporter-output>
  </reporter-output>
  <suite started-at="2022-10-30T16:08:28Z" name="Default suite" finished-at="2022-10-30T16:09:35Z" duration-ms="67451">
    <groups>
    </groups>
    <test started-at="2022-10-30T16:08:28Z" name="Default test" finished-at="2022-10-30T16:09:35Z" duration-ms="67451">
      <class name="casestudy255.Testng5">
        <test-method is-config="true" signature="BT()[pri:0, instance:casestudy255.Testng5@7e5c856f]" started-at="2022-10-30T21:38:28Z" name="BT" finished-at="2022-10-30T21:39:09Z" duration-ms="41595" status="PASS">
          <reporter-output>
          </reporter-output>
        </test-method> <!-- BT -->
        <test-method signature="testcase1()[pri:0, instance:casestudy255.Testng5@7e5c856f]" started-at="2022-10-30T21:39:09Z" name="testcase1" finished-at="2022-10-30T21:39:13Z" duration-ms="3858" status="PASS">
          <reporter-output>
          </reporter-output>
        </test-method> <!-- testcase1 -->
        <test-method signature="testcase2()[pri:1, instance:casestudy255.Testng5@7e5c856f]" started-at="2022-10-30T21:39:13Z" name="testcase2" finished-at="2022-10-30T21:39:14Z" duration-ms="1246" status="PASS">
          <reporter-output>
          </reporter-output>
        </test-method> <!-- testcase2 -->
        <test-method signature="testcase3()[pri:2, instance:casestudy255.Testng5@7e5c856f]" started-at="2022-10-30T21:39:14Z" name="testcase3" finished-at="2022-10-30T21:39:25Z" duration-ms="10397" status="PASS">
          <reporter-output>
          </reporter-output>
        </test-method> <!-- testcase3 -->
        <test-method signature="testcase4()[pri:3, instance:casestudy255.Testng5@7e5c856f]" started-at="2022-10-30T21:39:25Z" name="testcase4" finished-at="2022-10-30T21:39:30Z" duration-ms="5387" status="PASS">
          <reporter-output>
          </reporter-output>
        </test-method> <!-- testcase4 -->
        <test-method is-config="true" signature="B()[pri:0, instance:casestudy255.Testng5@7e5c856f]" started-at="2022-10-30T21:39:30Z" name="B" finished-at="2022-10-30T21:39:35Z" duration-ms="4898" status="PASS">
          <reporter-output>
          </reporter-output>
        </test-method> <!-- B -->
      </class> <!-- casestudy255.Testng5 -->
    </test> <!-- Default test -->
  </suite> <!-- Default suite -->
</testng-results>
